<?xml version="1.0" encoding="UTF-8"?>
<testsuite name="com.example.prediction.domain.service.IncrementalCategoryModelTest" tests="14" skipped="0" failures="0" errors="0" timestamp="2026-09-19T09:07:22.351Z" hostname="nikhil-gupta" time="0.087">
  <properties/>
  <testcase name="devanagariMerchantLearnsAfterOneCorrection" classname="com.example.prediction.domain.service.IncrementalCategoryModelTest" time="0.01"/>
  <testcase name="conflictingHintsAndSubstringMatchesAbstain" classname="com.example.prediction.domain.service.IncrementalCategoryModelTest" time="0.008"/>
  <testcase name="oneTrainingCategoryDoesNotMakeUnrelatedMerchantsCertain" classname="com.example.prediction.domain.service.IncrementalCategoryModelTest" time="0.009"/>
  <testcase name="transferBypassesLearningAndNullIsSafe" classname="com.example.prediction.domain.service.IncrementalCategoryModelTest" time="0.001"/>
  <testcase name="repeatSaveReplacesOldLabelRatherThanCountingTwice" classname="com.example.prediction.domain.service.IncrementalCategoryModelTest" time="0.024"/>
  <testcase name="transferCorrectionsArePredictableWithinTheirOriginalDirection" classname="com.example.prediction.domain.service.IncrementalCategoryModelTest" time="0.002"/>
  <testcase name="upiPayeeIsFallbackIdentityButProviderIsNotAFeature" classname="com.example.prediction.domain.service.IncrementalCategoryModelTest" time="0.004"/>
  <testcase name="blankMerchantsDoNotShareMemory" classname="com.example.prediction.domain.service.IncrementalCategoryModelTest" time="0.008"/>
  <testcase name="deletedCategoriesCannotBePredicted" classname="com.example.prediction.domain.service.IncrementalCategoryModelTest" time="0.001"/>
  <testcase name="descriptionHasUsefulContextAndBoundedPrivateDataFeatures" classname="com.example.prediction.domain.service.IncrementalCategoryModelTest" time="0.002"/>
  <testcase name="firstCorrectionOverridesSeedAndOldMerchantMajority" classname="com.example.prediction.domain.service.IncrementalCategoryModelTest" time="0.003"/>
  <testcase name="learnsUnseenMerchantFromTwoConfirmedTextExamples" classname="com.example.prediction.domain.service.IncrementalCategoryModelTest" time="0.004"/>
  <testcase name="changingDirectionOfSameSampleRetractsIncomeTraining" classname="com.example.prediction.domain.service.IncrementalCategoryModelTest" time="0.002"/>
  <testcase name="incomeAndExpenseNeverShareLabels" classname="com.example.prediction.domain.service.IncrementalCategoryModelTest" time="0.005"/>
  <system-out><![CDATA[]]></system-out>
  <system-err><![CDATA[]]></system-err>
</testsuite>
